[HTTP] Binding to address: :1080
Creating API v1 with WebPath: 
Creating API v2 with WebPath: 
[APIv1] KEEPALIVE /api/v1/events
Got message in APIv2 websocket channel
[APIv2] BROADCAST /api/v2/websocket
Got message in APIv1 event stream
Sending content: {
  "ID": "e9MJg8NhXw2dwU8gzUS0ie4LEb0HdFYZGPVJsNPRBgk=@mailhog.example",
  "From": {
    "Relays": null,
    "Mailbox": "nobody",
    "Domain": "b67ca9e09126",
    "Params": ""
  },
  "To": [
    {
      "Relays": null,
      "Mailbox": "mailhog",
      "Domain": "flywheel.local",
      "Params": ""
    }
  ],
  "Content": {
    "Headers": {
      "Content-Type": [
        "text/plain; charset=UTF-8"
      ],
      "Date": [
        "Wed, 14 Aug 2019 19:41:36 +0000"
      ],
      "From": [
        "WordPress \u003cwordpress@college-website-template.local\u003e"
      ],
      "MIME-Version": [
        "1.0"
      ],
      "Message-ID": [
        "\u003cc1e7aa2de224c03cdce07606db7f7851@college-website-template.local\u003e"
      ],
      "Received": [
        "from localhost by mailhog.example (MailHog)\r\n          id e9MJg8NhXw2dwU8gzUS0ie4LEb0HdFYZGPVJsNPRBgk=@mailhog.example; Wed, 14 Aug 2019 19:41:36 +0000"
      ],
      "Return-Path": [
        "\u003cnobody@b67ca9e09126\u003e"
      ],
      "Subject": [
        "New WordPress Site"
      ],
      "To": [
        "iancookwestgate@gmail.com"
      ],
      "X-Mailer": [
        "PHPMailer 5.2.22 (https://github.com/PHPMailer/PHPMailer)"
      ],
      "X-PHP-Originating-Script": [
        "0:class-phpmailer.php"
      ]
    },
    "Body": "Your new WordPress site has been successfully set up at:\r\n\r\nhttp://college-website-template.local\r\n\r\nYou can log in to the administrator account with the following information:\r\n\r\nUsername: iancookwestgate\r\nPassword: The password you chose during installation.\r\nLog in here: http://college-website-template.local/wp-login.php\r\n\r\nWe hope you enjoy your new site. Thanks!\r\n\r\n--The WordPress Team\r\nhttps://wordpress.org/\r\n",
    "Size": 837,
    "MIME": null
  },
  "Created": "2019-08-14T19:41:36.615939564Z",
  "MIME": null,
  "Raw": {
    "From": "nobody@b67ca9e09126",
    "To": [
      "mailhog@flywheel.local"
    ],
    "Data": "To: iancookwestgate@gmail.com\r\nSubject: New WordPress Site\r\nX-PHP-Originating-Script: 0:class-phpmailer.php\r\nDate: Wed, 14 Aug 2019 19:41:36 +0000\r\nFrom: WordPress \u003cwordpress@college-website-template.local\u003e\r\nMessage-ID: \u003cc1e7aa2de224c03cdce07606db7f7851@college-website-template.local\u003e\r\nX-Mailer: PHPMailer 5.2.22 (https://github.com/PHPMailer/PHPMailer)\r\nMIME-Version: 1.0\r\nContent-Type: text/plain; charset=UTF-8\r\n\r\nYour new WordPress site has been successfully set up at:\r\n\r\nhttp://college-website-template.local\r\n\r\nYou can log in to the administrator account with the following information:\r\n\r\nUsername: iancookwestgate\r\nPassword: The password you chose during installation.\r\nLog in here: http://college-website-template.local/wp-login.php\r\n\r\nWe hope you enjoy your new site. Thanks!\r\n\r\n--The WordPress Team\r\nhttps://wordpress.org/\r\n",
    "Helo": "localhost"
  }
}

[APIv1] BROADCAST /api/v1/events
[APIv1] KEEPALIVE /api/v1/events
[APIv1] KEEPALIVE /api/v1/events
[APIv1] KEEPALIVE /api/v1/events
[APIv1] KEEPALIVE /api/v1/events
[APIv1] KEEPALIVE /api/v1/events
[APIv1] KEEPALIVE /api/v1/events
[APIv1] KEEPALIVE /api/v1/events
[APIv1] KEEPALIVE /api/v1/events
[APIv1] KEEPALIVE /api/v1/events
[APIv1] KEEPALIVE /api/v1/events
[APIv1] KEEPALIVE /api/v1/events
[APIv1] KEEPALIVE /api/v1/events
[APIv1] KEEPALIVE /api/v1/events
[APIv1] KEEPALIVE /api/v1/events
[APIv1] KEEPALIVE /api/v1/events
[APIv1] KEEPALIVE /api/v1/events
[APIv1] KEEPALIVE /api/v1/events
[APIv1] KEEPALIVE /api/v1/events
[APIv1] KEEPALIVE /api/v1/events
[APIv1] KEEPALIVE /api/v1/events
[APIv1] KEEPALIVE /api/v1/events
[APIv1] KEEPALIVE /api/v1/events
[APIv1] KEEPALIVE /api/v1/events
[APIv1] KEEPALIVE /api/v1/events
