2019-11-08 17:30:50,596 CRIT Supervisor running as root (no user in config file)
2019-11-08 17:30:50,596 INFO Included extra file "/etc/supervisor/conf.d/supervisord.conf" during parsing
2019-11-08 17:30:50,625 INFO RPC interface 'supervisor' initialized
2019-11-08 17:30:50,626 CRIT Server 'unix_http_server' running without any HTTP authentication checking
2019-11-08 17:30:50,626 INFO supervisord started with pid 1
2019-11-08 17:30:51,630 INFO spawned: 'varnishd' with pid 15
2019-11-08 17:30:51,637 INFO spawned: 'php-fpm' with pid 16
2019-11-08 17:30:51,641 INFO spawned: 'varnish-plugins-watcher' with pid 17
2019-11-08 17:30:51,646 INFO spawned: 'nginx' with pid 18
2019-11-08 17:30:51,651 INFO spawned: 'MailHog' with pid 19
2019-11-08 17:30:51,662 INFO spawned: 'mysql' with pid 20
2019-11-08 17:30:51,670 INFO spawned: 'varnish-themes-watcher' with pid 21
2019-11-08 17:30:52,981 INFO success: varnishd entered RUNNING state, process has stayed up for > than 1 seconds (startsecs)
2019-11-08 17:30:52,982 INFO success: php-fpm entered RUNNING state, process has stayed up for > than 1 seconds (startsecs)
2019-11-08 17:30:52,990 INFO success: varnish-plugins-watcher entered RUNNING state, process has stayed up for > than 1 seconds (startsecs)
2019-11-08 17:30:52,990 INFO success: nginx entered RUNNING state, process has stayed up for > than 1 seconds (startsecs)
2019-11-08 17:30:52,991 INFO success: MailHog entered RUNNING state, process has stayed up for > than 1 seconds (startsecs)
2019-11-08 17:30:52,992 INFO success: mysql entered RUNNING state, process has stayed up for > than 1 seconds (startsecs)
2019-11-08 17:30:52,993 INFO success: varnish-themes-watcher entered RUNNING state, process has stayed up for > than 1 seconds (startsecs)
2019-11-08 17:32:56,284 INFO exited: varnishd (exit status 0; expected)
2019-11-08 17:32:56,287 INFO spawned: 'varnishd' with pid 504
2019-11-08 17:32:57,290 INFO success: varnishd entered RUNNING state, process has stayed up for > than 1 seconds (startsecs)
2019-11-08 17:40:50,362 WARN received SIGTERM indicating exit request
2019-11-08 17:40:50,363 INFO waiting for varnishd, php-fpm, varnish-plugins-watcher, nginx, MailHog, mysql, varnish-themes-watcher to die
2019-11-08 17:40:51,365 INFO stopped: varnish-themes-watcher (terminated by SIGTERM)
2019-11-08 17:40:51,386 INFO stopped: mysql (exit status 0)
2019-11-08 17:40:51,390 INFO stopped: MailHog (terminated by SIGTERM)
2019-11-08 17:40:51,396 INFO stopped: nginx (exit status 0)
2019-11-08 17:40:52,399 INFO stopped: varnish-plugins-watcher (terminated by SIGTERM)
2019-11-08 17:40:52,436 INFO reaped unknown pid 1119
2019-11-08 17:40:52,470 INFO reaped unknown pid 1121
2019-11-08 17:40:52,487 INFO stopped: php-fpm (exit status 0)
2019-11-08 17:40:52,509 INFO reaped unknown pid 29
2019-11-08 17:40:53,496 INFO waiting for varnishd to die
2019-11-08 17:40:53,677 INFO stopped: varnishd (exit status 0)
2019-11-08 17:40:58,073 CRIT Supervisor running as root (no user in config file)
2019-11-08 17:40:58,073 INFO Included extra file "/etc/supervisor/conf.d/supervisord.conf" during parsing
2019-11-08 17:40:58,152 INFO RPC interface 'supervisor' initialized
2019-11-08 17:40:58,177 CRIT Server 'unix_http_server' running without any HTTP authentication checking
2019-11-08 17:40:58,178 INFO supervisord started with pid 1
2019-11-08 17:40:59,189 INFO spawned: 'varnishd' with pid 55
2019-11-08 17:40:59,203 INFO spawned: 'php-fpm' with pid 56
2019-11-08 17:40:59,219 INFO spawned: 'varnish-plugins-watcher' with pid 57
2019-11-08 17:40:59,252 INFO spawned: 'nginx' with pid 58
2019-11-08 17:40:59,261 INFO spawned: 'MailHog' with pid 59
2019-11-08 17:40:59,267 INFO spawned: 'mysql' with pid 60
2019-11-08 17:40:59,271 INFO spawned: 'varnish-themes-watcher' with pid 61
2019-11-08 17:41:00,417 INFO success: varnishd entered RUNNING state, process has stayed up for > than 1 seconds (startsecs)
2019-11-08 17:41:00,419 INFO success: php-fpm entered RUNNING state, process has stayed up for > than 1 seconds (startsecs)
2019-11-08 17:41:00,420 INFO success: varnish-plugins-watcher entered RUNNING state, process has stayed up for > than 1 seconds (startsecs)
2019-11-08 17:41:00,421 INFO success: nginx entered RUNNING state, process has stayed up for > than 1 seconds (startsecs)
2019-11-08 17:41:00,421 INFO success: MailHog entered RUNNING state, process has stayed up for > than 1 seconds (startsecs)
2019-11-08 17:41:00,422 INFO success: mysql entered RUNNING state, process has stayed up for > than 1 seconds (startsecs)
2019-11-08 17:41:00,423 INFO success: varnish-themes-watcher entered RUNNING state, process has stayed up for > than 1 seconds (startsecs)
